<?xml version="1.0" encoding="UTF-8"?>
<!-- Generated by org.testng.reporters.JUnitReportReporter -->
<testsuite hostname="in04652" failures="0" tests="1" name="com.salmon.test.framework.helpers.CucumberReportParser" time="0.058" errors="0" timestamp="2022-09-19T15:32:39 IST" skipped="0">
  <testcase classname="com.salmon.test.framework.helpers.CucumberReportParser" name="parseJson" time="0.058"/>
  <system-out/>
</testsuite> <!-- com.salmon.test.framework.helpers.CucumberReportParser -->
