<?xml version="1.0" encoding="UTF-8"?>
<!-- Generated by org.testng.reporters.JUnitReportReporter -->
<testsuite hostname="in04652" failures="0" tests="1" name="com.salmon.test.framework.helpers.JsonReportHandler" time="0.016" errors="0" timestamp="2022-09-19T15:32:37 IST" skipped="0">
  <testcase classname="com.salmon.test.framework.helpers.JsonReportHandler" name="refineAndRewriteJSONFile" time="0.016"/>
  <system-out/>
</testsuite> <!-- com.salmon.test.framework.helpers.JsonReportHandler -->
